<?xml version="1.0" encoding="utf-8"?><testsuites name="pytest tests"><testsuite name="pytest" errors="0" failures="0" skipped="1" tests="6" time="6.867" timestamp="2026-03-12T00:31:47.569747+00:00" hostname="agent-env-e63353eb-0db7-4696-bc4f-a16bc2de9b02"><testcase classname="tests.test_paie_overtime.TestPaieParametres" name="test_get_parametres_paie_success" time="2.805" /><testcase classname="tests.test_paie_overtime.TestPaieParametres" name="test_put_parametres_paie_update" time="0.827" /><testcase classname="tests.test_paie_overtime.TestTypesGarde" name="test_get_types_garde_with_hours" time="0.812" /><testcase classname="tests.test_paie_overtime.TestFeuilleTemps" name="test_get_feuilles_temps_list" time="1.019" /><testcase classname="tests.test_paie_overtime.TestOvertimeLogic" name="test_paie_parametres_has_overtime_fields" time="0.911" /><testcase classname="tests.test_paie_overtime.TestSheffordTenant" name="test_shefford_paie_parametres" time="0.433"><skipped type="pytest.skip" message="Shefford tenant credentials not available">/app/backend/tests/test_paie_overtime.py:223: Shefford tenant credentials not available</skipped></testcase></testsuite></testsuites>