<?xml version="1.0" encoding="utf-8"?><testsuites name="pytest tests"><testsuite name="pytest" errors="0" failures="0" skipped="0" tests="12" time="7.974" timestamp="2026-03-27T20:20:10.638210+00:00" hostname="agent-env-18cdd0f6-d911-438a-8a48-beb68104631b"><testcase classname="tests.test_quarts_ouverts.TestQuartsOuvertsEndpoints" name="test_get_quarts_ouverts_endpoint_exists" time="3.288" /><testcase classname="tests.test_quarts_ouverts.TestQuartsOuvertsEndpoints" name="test_create_open_shift_for_testing" time="0.594" /><testcase classname="tests.test_quarts_ouverts.TestQuartsOuvertsEndpoints" name="test_quarts_ouverts_returns_enriched_data" time="0.168" /><testcase classname="tests.test_quarts_ouverts.TestQuartsOuvertsEndpoints" name="test_prendre_endpoint_rejects_invalid_demande" time="0.168" /><testcase classname="tests.test_quarts_ouverts.TestQuartsOuvertsEndpoints" name="test_remplacements_list_includes_ouvert_status" time="0.469" /><testcase classname="tests.test_quarts_ouverts.TestNotificationsFix" name="test_notifications_endpoint_works" time="0.734" /><testcase classname="tests.test_quarts_ouverts.TestNotificationsFix" name="test_notifications_have_correct_structure" time="0.178" /><testcase classname="tests.test_quarts_ouverts.TestPrendreQuartValidations" name="test_prendre_endpoint_exists" time="0.752" /><testcase classname="tests.test_quarts_ouverts.TestPrendreQuartValidations" name="test_prendre_requires_authentication" time="0.106" /><testcase classname="tests.test_quarts_ouverts.TestRemplacementsIntegration" name="test_remplacements_list_endpoint" time="1.055" /><testcase classname="tests.test_quarts_ouverts.TestRemplacementsIntegration" name="test_propositions_endpoint" time="0.211" /><testcase classname="tests.test_quarts_ouverts.TestRemplacementsIntegration" name="test_types_garde_endpoint" time="0.182" /></testsuite></testsuites>