<?xml version="1.0" encoding="utf-8"?><testsuites name="pytest tests"><testsuite name="pytest" errors="0" failures="0" skipped="0" tests="16" time="6.096" timestamp="2026-03-27T21:57:13.045370+00:00" hostname="agent-env-8b2edaae-5ba3-4dc2-8af7-261707942ba4"><testcase classname="tests.test_refactoring_p2.TestHealthAndBasics" name="test_health_endpoint" time="1.351" /><testcase classname="tests.test_refactoring_p2.TestHealthAndBasics" name="test_root_health" time="0.126" /><testcase classname="tests.test_refactoring_p2.TestTypesGardeCRUD" name="test_get_types_garde" time="1.310" /><testcase classname="tests.test_refactoring_p2.TestPlanningMainRoutes" name="test_get_planning_semaine" time="0.165" /><testcase classname="tests.test_refactoring_p2.TestPlanningMainRoutes" name="test_get_assignations_periode" time="0.113" /><testcase classname="tests.test_refactoring_p2.TestPlanningMainRoutes" name="test_get_mes_heures" time="0.134" /><testcase classname="tests.test_refactoring_p2.TestPlanningMainRoutes" name="test_get_rapport_heures" time="0.169" /><testcase classname="tests.test_refactoring_p2.TestPlanningExportsRoutes" name="test_export_pdf" time="0.654" /><testcase classname="tests.test_refactoring_p2.TestPlanningExportsRoutes" name="test_export_excel" time="0.210" /><testcase classname="tests.test_refactoring_p2.TestPlanningAutoRoutes" name="test_attribution_auto_demo_exists" time="1.076" /><testcase classname="tests.test_refactoring_p2.TestPlanningAutoRoutes" name="test_check_periode" time="0.130" /><testcase classname="tests.test_refactoring_p2.TestQuartsOuverts" name="test_get_quarts_ouverts" time="0.119" /><testcase classname="tests.test_refactoring_p2.TestParametresEndpoints" name="test_get_competences" time="0.110" /><testcase classname="tests.test_refactoring_p2.TestParametresEndpoints" name="test_get_grades" time="0.108" /><testcase classname="tests.test_refactoring_p2.TestParametresEndpoints" name="test_get_formations" time="0.150" /><testcase classname="tests.test_refactoring_p2.TestPlanningMonthlyView" name="test_get_planning_monthly" time="0.101" /></testsuite></testsuites>