<?xml version="1.0" encoding="utf-8"?><testsuites name="pytest tests"><testsuite name="pytest" errors="0" failures="0" skipped="0" tests="11" time="5.691" timestamp="2026-04-14T22:59:03.472381+00:00" hostname="agent-env-93399da8-db9b-4944-8811-dc5cf6f2571f"><testcase classname="tests.test_pfm_transfer_import.TestPFMTransferImport" name="test_01_import_batch_intervention" time="1.109" /><testcase classname="tests.test_pfm_transfer_import.TestPFMTransferImport" name="test_02_get_intervention_detail_protection_fields" time="0.344" /><testcase classname="tests.test_pfm_transfer_import.TestPFMTransferImport" name="test_03_get_rcci_lazy_creation" time="0.235" /><testcase classname="tests.test_pfm_transfer_import.TestPFMTransferImport" name="test_04_get_remises_propriete_auto_creation" time="0.499" /><testcase classname="tests.test_pfm_transfer_import.TestPFMTransferImport" name="test_05_get_remise_pdf_generation" time="0.252" /><testcase classname="tests.test_pfm_transfer_import.TestPFMTransferImport" name="test_06_fix_existing_interventions" time="0.420" /><testcase classname="tests.test_pfm_transfer_import.TestPFMTransferImport" name="test_07_import_intentionnelle_cause" time="0.440" /><testcase classname="tests.test_pfm_transfer_import.TestPFMTransferImport" name="test_08_import_naturelle_cause" time="0.434" /><testcase classname="tests.test_pfm_transfer_import.TestPFMTransferImport" name="test_09_import_indeterminee_cause" time="0.421" /><testcase classname="tests.test_pfm_transfer_import.TestPFMTransferImport" name="test_10_code_feu_80_intervention" time="0.297" /><testcase classname="tests.test_pfm_transfer_import.TestPFMTransferImport" name="test_99_cleanup" time="1.162" /></testsuite></testsuites>