<?xml version="1.0" encoding="utf-8"?><testsuites name="pytest tests"><testsuite name="pytest" errors="0" failures="0" skipped="1" tests="4" time="2.749" timestamp="2026-04-20T20:49:20.590794+00:00" hostname="agent-env-a6d85abf-2e96-4b4c-901e-e794136ff588"><testcase classname="tests.test_personnel_avis_fix.TestPersonnelUpdate" name="test_users_list_returns_grade" time="0.986" /><testcase classname="tests.test_personnel_avis_fix.TestPersonnelUpdate" name="test_update_user_with_empty_email_succeeds" time="1.265" /><testcase classname="tests.test_personnel_avis_fix.TestInspectionAvisEmis" name="test_inspections_avis_emis_type" time="0.444"><skipped type="pytest.skip" message="No inspections currently seeded to verify type at scale">/app/backend/tests/test_personnel_avis_fix.py:166: No inspections currently seeded to verify type at scale</skipped></testcase><testcase classname="tests.test_personnel_avis_fix.TestInspectionAvisEmis" name="test_avis_emis_stored_as_text_code_check" time="0.001" /></testsuite></testsuites>