<?xml version="1.0" encoding="utf-8"?><testsuites name="pytest tests"><testsuite name="pytest" errors="0" failures="1" skipped="0" tests="12" time="11.393" timestamp="2026-03-28T13:53:57.140876+00:00" hostname="agent-env-8b2edaae-5ba3-4dc2-8af7-261707942ba4"><testcase classname="tests.test_photo_reassignment.TestPhotoReassignment" name="test_get_batiments_list" time="3.011" /><testcase classname="tests.test_photo_reassignment.TestPhotoReassignment" name="test_get_files_by_entity_batiment" time="0.786" /><testcase classname="tests.test_photo_reassignment.TestPhotoReassignment" name="test_get_files_by_entity_nonexistent_building" time="0.673" /><testcase classname="tests.test_photo_reassignment.TestPhotoReassignment" name="test_reassign_file_nonexistent" time="0.871" /><testcase classname="tests.test_photo_reassignment.TestPhotoReassignment" name="test_reassign_file_missing_body" time="0.642" /><testcase classname="tests.test_photo_reassignment.TestPhotoReassignment" name="test_reassign_legacy_photo_nonexistent" time="0.846" /><testcase classname="tests.test_photo_reassignment.TestPhotoReassignment" name="test_reassign_legacy_photo_missing_source" time="0.796" /><testcase classname="tests.test_photo_reassignment.TestPhotoReassignment" name="test_get_legacy_photos_batiment" time="0.843" /><testcase classname="tests.test_photo_reassignment.TestRegressionParametres" name="test_get_types_garde" time="0.652" /><testcase classname="tests.test_photo_reassignment.TestRegressionParametres" name="test_get_competences" time="0.668" /><testcase classname="tests.test_photo_reassignment.TestRegressionPlanning" name="test_get_planning_current_week" time="0.726" /><testcase classname="tests.test_photo_reassignment.TestRegressionPlanning" name="test_get_planning_exports_pdf" time="0.770"><failure message="AssertionError: Expected 200, got 500: {&quot;detail&quot;:&quot;Erreur export PDF: invalid literal for int() with base 10: 'semaine'&quot;}&#10;assert 500 == 200&#10; +  where 500 = &lt;Response [500]&gt;.status_code">backend/tests/test_photo_reassignment.py:339: in test_get_planning_exports_pdf
    assert response.status_code == 200, f"Expected 200, got {response.status_code}: {response.text[:500] if response.status_code != 200 else ''}"
E   AssertionError: Expected 200, got 500: {"detail":"Erreur export PDF: invalid literal for int() with base 10: 'semaine'"}
E   assert 500 == 200
E    +  where 500 = &lt;Response [500]&gt;.status_code</failure></testcase></testsuite></testsuites>