<?xml version="1.0" encoding="utf-8"?><testsuites name="pytest tests"><testsuite name="pytest" errors="0" failures="1" skipped="8" tests="9" time="1.474" timestamp="2026-03-10T14:55:19.476708+00:00" hostname="agent-env-fb60052d-179f-4383-a145-d33a6d33312f"><testcase classname="tests.test_epi_types_inspection_config.TestBackendAuth" name="test_login_returns_token" time="0.868"><failure message="AssertionError: Login failed: {&quot;detail&quot;:&quot;Not Found&quot;}&#10;assert 404 == 200&#10; +  where 404 = &lt;Response [404]&gt;.status_code">tests/test_epi_types_inspection_config.py:52: in test_login_returns_token
    assert response.status_code == 200, f"Login failed: {response.text}"
E   AssertionError: Login failed: {"detail":"Not Found"}
E   assert 404 == 200
E    +  where 404 = &lt;Response [404]&gt;.status_code</failure></testcase><testcase classname="tests.test_epi_types_inspection_config.TestTypesEPIConfiguration" name="test_get_types_epi" time="0.112"><skipped type="pytest.skip" message="Authentication failed">/app/backend/tests/test_epi_types_inspection_config.py:77: Authentication failed</skipped></testcase><testcase classname="tests.test_epi_types_inspection_config.TestTypesEPIConfiguration" name="test_type_epi_has_frequency_fields" time="0.000"><skipped type="pytest.skip" message="Authentication failed">/app/backend/tests/test_epi_types_inspection_config.py:96: Authentication failed</skipped></testcase><testcase classname="tests.test_epi_types_inspection_config.TestTypesEPIConfiguration" name="test_create_type_epi_with_frequencies" time="0.000"><skipped type="pytest.skip" message="Authentication failed">/app/backend/tests/test_epi_types_inspection_config.py:111: Authentication failed</skipped></testcase><testcase classname="tests.test_epi_types_inspection_config.TestTypesEPIConfiguration" name="test_update_type_epi_frequencies" time="0.000"><skipped type="pytest.skip" message="Authentication failed">/app/backend/tests/test_epi_types_inspection_config.py:155: Authentication failed</skipped></testcase><testcase classname="tests.test_epi_types_inspection_config.TestEquipementCategoriesConfiguration" name="test_get_equipement_categories" time="0.160"><skipped type="pytest.skip" message="Authentication failed">/app/backend/tests/test_epi_types_inspection_config.py:228: Authentication failed</skipped></testcase><testcase classname="tests.test_epi_types_inspection_config.TestEquipementCategoriesConfiguration" name="test_create_category_with_formulaires" time="0.000"><skipped type="pytest.skip" message="Authentication failed">/app/backend/tests/test_epi_types_inspection_config.py:244: Authentication failed</skipped></testcase><testcase classname="tests.test_epi_types_inspection_config.TestFormulairesInspection" name="test_get_formulaires_inspection" time="0.117"><skipped type="pytest.skip" message="Authentication failed">/app/backend/tests/test_epi_types_inspection_config.py:305: Authentication failed</skipped></testcase><testcase classname="tests.test_epi_types_inspection_config.TestEPIInspectionIntegration" name="test_epi_list_has_type_epi_id" time="0.133"><skipped type="pytest.skip" message="Authentication failed">/app/backend/tests/test_epi_types_inspection_config.py:341: Authentication failed</skipped></testcase></testsuite></testsuites>