<?xml version="1.0" encoding="utf-8"?><testsuites name="pytest tests"><testsuite name="pytest" errors="0" failures="0" skipped="0" tests="5" time="1.860" timestamp="2026-04-20T23:59:42.912658+00:00" hostname="agent-env-a6d85abf-2e96-4b4c-901e-e794136ff588"><testcase classname="tests.test_duplicates_count_by_type" name="test_count_by_type_returns_200" time="0.996" /><testcase classname="tests.test_duplicates_count_by_type" name="test_count_by_type_response_shape" time="0.212" /><testcase classname="tests.test_duplicates_count_by_type" name="test_count_by_type_message_when_empty" time="0.204" /><testcase classname="tests.test_duplicates_count_by_type" name="test_count_by_type_requires_auth" time="0.194" /><testcase classname="tests.test_duplicates_count_by_type" name="test_list_duplicates_endpoint" time="0.198" /></testsuite></testsuites>