<?xml version="1.0" encoding="utf-8"?><testsuites name="pytest tests"><testsuite name="pytest" errors="0" failures="0" skipped="1" tests="14" time="5.061" timestamp="2026-03-24T09:14:41.126120+00:00" hostname="agent-env-25724704-54ef-4995-a970-b05fa18fd97a"><testcase classname="tests.test_session14_features.TestRemplacementTokenValidation" name="test_invalid_token_returns_valid_false" time="0.521" /><testcase classname="tests.test_session14_features.TestRemplacementTokenValidation" name="test_random_uuid_token_returns_valid_false" time="0.125" /><testcase classname="tests.test_session14_features.TestPreventionReferences" name="test_get_references" time="0.871" /><testcase classname="tests.test_session14_features.TestPreventionInspections" name="test_get_inspections_list" time="0.150" /><testcase classname="tests.test_session14_features.TestPreventionGrillesInspection" name="test_get_grilles_list" time="0.164" /><testcase classname="tests.test_session14_features.TestPreventionSecteursGeographiques" name="test_get_secteurs_list" time="0.173" /><testcase classname="tests.test_session14_features.TestPreventionPlansIntervention" name="test_get_plans_list" time="0.289" /><testcase classname="tests.test_session14_features.TestPreventionNonConformites" name="test_get_non_conformites_list" time="0.157" /><testcase classname="tests.test_session14_features.TestPreventionStatistiques" name="test_get_statistiques" time="0.389" /><testcase classname="tests.test_session14_features.TestPreventionRapportsTendances" name="test_get_tendances" time="0.692" /><testcase classname="tests.test_session14_features.TestPreventionPreventionnistes" name="test_get_preventionnistes_list" time="0.258" /><testcase classname="tests.test_session14_features.TestRemplacementAntiDoublon" name="test_duplicate_replacement_returns_409" time="0.333"><skipped type="pytest.skip" message="Cannot test anti-doublon: user not scheduled on this garde type">/app/backend/tests/test_session14_features.py:255: Cannot test anti-doublon: user not scheduled on this garde type</skipped></testcase><testcase classname="tests.test_session14_features.TestBatimentHistorique" name="test_get_historique_returns_unified_timeline" time="0.288" /><testcase classname="tests.test_session14_features.TestBatimentHistoriqueAlternative" name="test_get_historique_via_prevention" time="0.582" /></testsuite></testsuites>