<?xml version="1.0" encoding="utf-8"?><testsuites name="pytest tests"><testsuite name="pytest" errors="0" failures="0" skipped="0" tests="9" time="10.889" timestamp="2026-03-24T21:32:19.993403+00:00" hostname="agent-env-c057b1fe-c2f3-470e-8e02-658b4430bbff"><testcase classname="tests.test_access_types_permissions.TestAccessTypesPermissions" name="test_01_get_access_types_initial" time="2.623" /><testcase classname="tests.test_access_types_permissions.TestAccessTypesPermissions" name="test_02_put_superviseur_permissions_success" time="1.057" /><testcase classname="tests.test_access_types_permissions.TestAccessTypesPermissions" name="test_03_get_access_types_has_overrides_true" time="1.058" /><testcase classname="tests.test_access_types_permissions.TestAccessTypesPermissions" name="test_04_put_employe_permissions_success" time="1.009" /><testcase classname="tests.test_access_types_permissions.TestAccessTypesPermissions" name="test_05_put_admin_blocked" time="0.857" /><testcase classname="tests.test_access_types_permissions.TestAccessTypesPermissions" name="test_06_delete_role_override_superviseur" time="1.301" /><testcase classname="tests.test_access_types_permissions.TestAccessTypesPermissions" name="test_07_delete_role_override_employe" time="1.227" /><testcase classname="tests.test_access_types_permissions.TestAccessTypesPermissions" name="test_08_delete_role_override_admin_blocked" time="0.826" /><testcase classname="tests.test_access_types_permissions.TestAccessTypesPermissions" name="test_09_get_modules_structure" time="0.860" /></testsuite></testsuites>