<?xml version="1.0" encoding="utf-8"?><testsuites name="pytest tests"><testsuite name="pytest" errors="0" failures="0" skipped="0" tests="11" time="23.515" timestamp="2026-04-02T13:28:25.686667+00:00" hostname="agent-env-9e594a2c-18a3-4ff3-85dc-4ed4911fccc2"><testcase classname="tests.test_planning_notification_bug_fix.TestPlanningNotificationBugFix" name="test_01_login_successful" time="1.998" /><testcase classname="tests.test_planning_notification_bug_fix.TestPlanningNotificationBugFix" name="test_02_test_data_available" time="1.003" /><testcase classname="tests.test_planning_notification_bug_fix.TestPlanningNotificationBugFix" name="test_03_clean_test_month" time="1.432" /><testcase classname="tests.test_planning_notification_bug_fix.TestPlanningNotificationBugFix" name="test_04_create_assignment_unpublished_month_gets_brouillon_status" time="2.535" /><testcase classname="tests.test_planning_notification_bug_fix.TestPlanningNotificationBugFix" name="test_05_brouillon_count_reflects_created_assignment" time="1.734" /><testcase classname="tests.test_planning_notification_bug_fix.TestPlanningNotificationBugFix" name="test_06_delete_brouillon_assignment_no_notification" time="2.496" /><testcase classname="tests.test_planning_notification_bug_fix.TestPlanningNotificationBugFix" name="test_07_publish_planning_changes_status" time="2.700" /><testcase classname="tests.test_planning_notification_bug_fix.TestPlanningNotificationBugFix" name="test_08_create_assignment_in_published_month_gets_publie_status" time="3.638" /><testcase classname="tests.test_planning_notification_bug_fix.TestPlanningNotificationBugFix" name="test_09_delete_published_assignment" time="2.804" /><testcase classname="tests.test_planning_notification_bug_fix.TestPlanningNotificationBugFix" name="test_10_non_admin_cannot_see_brouillons" time="1.754" /><testcase classname="tests.test_planning_notification_bug_fix.TestAssignationModelDefault" name="test_model_default_is_brouillon" time="1.343" /></testsuite></testsuites>