<?xml version="1.0" encoding="utf-8"?><testsuites name="pytest tests"><testsuite name="pytest" errors="0" failures="0" skipped="0" tests="12" time="4.936" timestamp="2026-04-09T16:58:12.594959+00:00" hostname="agent-env-9e594a2c-18a3-4ff3-85dc-4ed4911fccc2"><testcase classname="tests.test_azure_blob_storage_migration.TestAzureBlobStorageMigration" name="test_01_file_upload_returns_azure_sas_url" time="1.716" /><testcase classname="tests.test_azure_blob_storage_migration.TestAzureBlobStorageMigration" name="test_02_file_upload_image_type" time="0.226" /><testcase classname="tests.test_azure_blob_storage_migration.TestAzureBlobStorageMigration" name="test_03_get_sas_url_for_existing_file" time="0.209" /><testcase classname="tests.test_azure_blob_storage_migration.TestAzureBlobStorageMigration" name="test_04_sas_url_not_found_for_invalid_file" time="0.173" /><testcase classname="tests.test_azure_blob_storage_migration.TestAzureBlobStorageMigration" name="test_05_download_redirects_to_azure_sas_url" time="0.140" /><testcase classname="tests.test_azure_blob_storage_migration.TestAzureBlobStorageMigration" name="test_06_download_requires_auth_token" time="0.119" /><testcase classname="tests.test_azure_blob_storage_migration.TestAzureBlobStorageMigration" name="test_07_get_batiments_returns_list" time="0.275" /><testcase classname="tests.test_azure_blob_storage_migration.TestAzureBlobStorageMigration" name="test_08_get_batiment_detail_with_sas_urls" time="0.161" /><testcase classname="tests.test_azure_blob_storage_migration.TestAzureBlobStorageMigration" name="test_09_azure_service_text_file" time="0.256" /><testcase classname="tests.test_azure_blob_storage_migration.TestAzureBlobStorageMigration" name="test_10_azure_service_pdf_file" time="0.231" /><testcase classname="tests.test_azure_blob_storage_migration.TestAzureBlobStorageMigration" name="test_11_sas_url_is_accessible" time="0.356" /><testcase classname="tests.test_azure_blob_storage_migration.TestPreventionMediaAzure" name="test_12_prevention_photo_upload_to_azure" time="0.998" /></testsuite></testsuites>