<?xml version="1.0" encoding="utf-8"?><testsuites name="pytest tests"><testsuite name="pytest" errors="0" failures="0" skipped="0" tests="11" time="11.690" timestamp="2026-03-24T09:45:36.270510+00:00" hostname="agent-env-1541fefd-a4a5-49c0-af11-869ac9aa189e"><testcase classname="tests.test_prevention_refactoring.TestPreventionRefactoring" name="test_plans_intervention_list" time="2.461" /><testcase classname="tests.test_prevention_refactoring.TestPreventionRefactoring" name="test_statistiques" time="0.852" /><testcase classname="tests.test_prevention_refactoring.TestPreventionRefactoring" name="test_rapports_tendances" time="1.252" /><testcase classname="tests.test_prevention_refactoring.TestPreventionRefactoring" name="test_notifications" time="2.519" /><testcase classname="tests.test_prevention_refactoring.TestPreventionRefactoring" name="test_batiments_list" time="0.686" /><testcase classname="tests.test_prevention_refactoring.TestPreventionRefactoring" name="test_grilles_inspection_list" time="0.662" /><testcase classname="tests.test_prevention_refactoring.TestPreventionRefactoring" name="test_secteurs_list" time="0.637" /><testcase classname="tests.test_prevention_refactoring.TestPreventionRefactoring" name="test_non_conformites_list" time="0.720" /><testcase classname="tests.test_prevention_refactoring.TestPreventionRefactoring" name="test_inspections_list" time="0.609" /><testcase classname="tests.test_prevention_refactoring.TestPreventionRefactoring" name="test_references" time="0.606" /><testcase classname="tests.test_prevention_refactoring.TestAuthentication" name="test_login_success" time="0.621" /></testsuite></testsuites>