<?xml version="1.0" encoding="utf-8"?><testsuites name="pytest tests"><testsuite name="pytest" errors="0" failures="0" skipped="0" tests="22" time="8.845" timestamp="2026-03-15T14:26:12.389693+00:00" hostname="agent-env-9745b2da-45b1-4447-bd9c-38a655e68eff"><testcase classname="tests.test_rbac_migration.TestAuthentication" name="test_admin_login" time="2.498" /><testcase classname="tests.test_rbac_migration.TestAuthentication" name="test_invalid_credentials" time="0.243" /><testcase classname="tests.test_rbac_migration.TestRBACPermissions" name="test_get_admin_permissions" time="0.780" /><testcase classname="tests.test_rbac_migration.TestRBACPermissions" name="test_access_types_structure" time="0.100" /><testcase classname="tests.test_rbac_migration.TestRBACPermissions" name="test_list_access_types" time="0.132" /><testcase classname="tests.test_rbac_migration.TestPlanningRBAC" name="test_get_planning_assignations" time="0.130" /><testcase classname="tests.test_rbac_migration.TestPlanningRBAC" name="test_planning_rapport_heures" time="0.195" /><testcase classname="tests.test_rbac_migration.TestPlanningRBAC" name="test_create_and_delete_assignation" time="0.976" /><testcase classname="tests.test_rbac_migration.TestPersonnelRBAC" name="test_get_users_list" time="0.153" /><testcase classname="tests.test_rbac_migration.TestPersonnelRBAC" name="test_create_and_delete_user" time="1.107" /><testcase classname="tests.test_rbac_migration.TestFormationsRBAC" name="test_get_formations_list" time="0.150" /><testcase classname="tests.test_rbac_migration.TestFormationsRBAC" name="test_formations_rapport_conformite" time="0.284" /><testcase classname="tests.test_rbac_migration.TestFormationsRBAC" name="test_formations_dashboard" time="0.185" /><testcase classname="tests.test_rbac_migration.TestActifsRBAC" name="test_get_vehicules_list" time="0.122" /><testcase classname="tests.test_rbac_migration.TestActifsRBAC" name="test_create_modify_delete_vehicule" time="0.447" /><testcase classname="tests.test_rbac_migration.TestActifsRBAC" name="test_get_bornes_incendie" time="0.119" /><testcase classname="tests.test_rbac_migration.TestRemplacementsRBAC" name="test_get_remplacements_list" time="0.459" /><testcase classname="tests.test_rbac_migration.TestRemplacementsRBAC" name="test_get_demandes_conge" time="0.117" /><testcase classname="tests.test_rbac_migration.TestRemplacementsRBAC" name="test_get_propositions" time="0.118" /><testcase classname="tests.test_rbac_migration.TestDelegationsRBAC" name="test_get_delegations_actives" time="0.057" /><testcase classname="tests.test_rbac_migration.TestFrontendAccess" name="test_public_branding" time="0.219" /><testcase classname="tests.test_rbac_migration.TestFrontendAccess" name="test_health_endpoint" time="0.164" /></testsuite></testsuites>