<?xml version="1.0" encoding="utf-8"?><testsuites name="pytest tests"><testsuite name="pytest" errors="0" failures="0" skipped="0" tests="17" time="18.239" timestamp="2026-03-27T17:56:10.102105+00:00" hostname="agent-env-053918f1-3b4f-497d-85cf-fea9833c4822"><testcase classname="tests.test_multi_casernes_phase6.TestMultiCasernesPhase6" name="test_01_login_works" time="3.029" /><testcase classname="tests.test_multi_casernes_phase6.TestMultiCasernesPhase6" name="test_02_types_garde_have_mode_caserne_global_default" time="0.711" /><testcase classname="tests.test_multi_casernes_phase6.TestMultiCasernesPhase6" name="test_03_users_have_caserne_ids_default_empty" time="0.695" /><testcase classname="tests.test_multi_casernes_phase6.TestMultiCasernesPhase6" name="test_04_planning_assignation_works_without_caserne_id" time="1.303" /><testcase classname="tests.test_multi_casernes_phase6.TestMultiCasernesPhase6" name="test_05_delete_assignation_works" time="0.859" /><testcase classname="tests.test_multi_casernes_phase6.TestMultiCasernesPhase6" name="test_10_get_multi_casernes_config" time="0.672" /><testcase classname="tests.test_multi_casernes_phase6.TestMultiCasernesPhase6" name="test_11_toggle_multi_casernes_config" time="0.944" /><testcase classname="tests.test_multi_casernes_phase6.TestMultiCasernesPhase6" name="test_20_get_casernes_list" time="0.748" /><testcase classname="tests.test_multi_casernes_phase6.TestMultiCasernesPhase6" name="test_21_create_caserne" time="1.086" /><testcase classname="tests.test_multi_casernes_phase6.TestMultiCasernesPhase6" name="test_22_create_caserne_duplicate_name_fails" time="0.994" /><testcase classname="tests.test_multi_casernes_phase6.TestMultiCasernesPhase6" name="test_23_update_caserne" time="1.080" /><testcase classname="tests.test_multi_casernes_phase6.TestMultiCasernesPhase6" name="test_24_delete_caserne" time="1.018" /><testcase classname="tests.test_multi_casernes_phase6.TestMultiCasernesPhase6" name="test_25_delete_caserne_with_employees_fails" time="0.927" /><testcase classname="tests.test_multi_casernes_phase6.TestMultiCasernesPhase6" name="test_30_update_type_garde_mode_caserne" time="0.991" /><testcase classname="tests.test_multi_casernes_phase6.TestMultiCasernesPhase6" name="test_40_update_user_caserne_ids" time="1.142" /><testcase classname="tests.test_multi_casernes_phase6.TestMultiCasernesPhase6" name="test_50_assignation_with_caserne_id" time="1.330" /><testcase classname="tests.test_multi_casernes_phase6.TestMultiCasernesPhase6" name="test_99_cleanup_test_casernes" time="0.620" /></testsuite></testsuites>