<?xml version="1.0" encoding="utf-8"?><testsuites name="pytest tests"><testsuite name="pytest" errors="0" failures="0" skipped="0" tests="11" time="5.250" timestamp="2026-04-09T18:27:33.208082+00:00" hostname="agent-env-a723059a-e264-49f8-b69a-fe7dcbc1e5dd"><testcase classname="tests.test_sas_url_migration.TestLoginSASUrl" name="test_01_login_returns_sas_url_for_photo_profil" time="0.882" /><testcase classname="tests.test_sas_url_migration.TestAuthMeSASUrl" name="test_02_auth_me_returns_sas_url_for_photo_profil" time="0.617" /><testcase classname="tests.test_sas_url_migration.TestUserListSASUrl" name="test_03_users_list_returns_sas_urls_for_photo_profil" time="0.667" /><testcase classname="tests.test_sas_url_migration.TestPersonnalisationSASUrl" name="test_04_personnalisation_returns_sas_url_for_logo" time="0.635" /><testcase classname="tests.test_sas_url_migration.TestPublicBrandingSASUrl" name="test_05_public_branding_returns_sas_url_for_logo" time="0.144" /><testcase classname="tests.test_sas_url_migration.TestPreventionBatimentsSASUrl" name="test_06_batiments_returns_sas_urls_for_photos" time="0.698" /><testcase classname="tests.test_sas_url_migration.TestNoBase64InResponses" name="test_07_no_base64_in_login_response" time="0.426" /><testcase classname="tests.test_sas_url_migration.TestNoBase64InResponses" name="test_08_no_base64_in_users_response" time="0.569" /><testcase classname="tests.test_sas_url_migration.TestNoBase64InResponses" name="test_09_no_base64_in_personnalisation_response" time="0.176" /><testcase classname="tests.test_sas_url_migration.TestNoBase64InResponses" name="test_10_no_base64_in_public_branding_response" time="0.138" /><testcase classname="tests.test_sas_url_migration.TestNoBase64InResponses" name="test_11_no_base64_in_batiments_response" time="0.232" /></testsuite></testsuites>