<?xml version="1.0" encoding="utf-8"?><testsuites name="pytest tests"><testsuite name="pytest" errors="0" failures="0" skipped="1" tests="10" time="71.086" timestamp="2026-03-24T20:22:24.124928+00:00" hostname="agent-env-c057b1fe-c2f3-470e-8e02-658b4430bbff"><testcase classname="tests.test_rotation_temps_plein.TestRotationTempsPlein" name="test_01_verify_rotation_tp_config_active" time="2.322" /><testcase classname="tests.test_rotation_temps_plein.TestRotationTempsPlein" name="test_02_verify_test_users_exist" time="0.728" /><testcase classname="tests.test_rotation_temps_plein.TestRotationTempsPlein" name="test_03_verify_garde_de_jour_exists" time="0.687" /><testcase classname="tests.test_rotation_temps_plein.TestRotationTempsPlein" name="test_04_attribution_auto_creates_rotation_tp_assignations" time="15.813" /><testcase classname="tests.test_rotation_temps_plein.TestRotationTempsPlein" name="test_05_no_rotation_before_date_activation" time="15.908" /><testcase classname="tests.test_rotation_temps_plein.TestRotationTempsPlein" name="test_06_external_gardes_no_rotation_tp" time="1.019"><skipped type="pytest.skip" message="No external garde types found - cannot test this scenario">/app/backend/tests/test_rotation_temps_plein.py:212: No external garde types found - cannot test this scenario</skipped></testcase><testcase classname="tests.test_rotation_temps_plein.TestRotationTempsPlein" name="test_07_reset_true_recreates_rotation_assignations" time="31.214" /><testcase classname="tests.test_rotation_temps_plein.TestRotationTempsPlein" name="test_08_equipe_du_jour_endpoint" time="0.874" /><testcase classname="tests.test_rotation_temps_plein.TestRotationTempsPlein" name="test_09_verify_horaire_personnalise_template" time="0.669" /><testcase classname="tests.test_rotation_temps_plein.TestRotationTempsPleinDisabled" name="test_10_check_rotation_status" time="1.773" /></testsuite></testsuites>