<?xml version="1.0" encoding="utf-8"?><testsuites name="pytest tests"><testsuite name="pytest" errors="0" failures="0" skipped="0" tests="17" time="16.200" timestamp="2026-03-24T18:14:52.900888+00:00" hostname="agent-env-1541fefd-a4a5-49c0-af11-869ac9aa189e"><testcase classname="tests.test_prevention_phase2_refactoring.TestPreventionPhase2Refactoring" name="test_nc_01_get_non_conformites" time="1.332" /><testcase classname="tests.test_prevention_phase2_refactoring.TestPreventionPhase2Refactoring" name="test_nc_02_get_non_conformites_en_retard" time="0.675" /><testcase classname="tests.test_prevention_phase2_refactoring.TestPreventionPhase2Refactoring" name="test_media_01_get_icones_personnalisees" time="1.181" /><testcase classname="tests.test_prevention_phase2_refactoring.TestPreventionPhase2Refactoring" name="test_inspvis_01_get_inspections_visuelles" time="0.677" /><testcase classname="tests.test_prevention_phase2_refactoring.TestPreventionPhase2Refactoring" name="test_inspvis_02_get_inspections_a_valider" time="0.719" /><testcase classname="tests.test_prevention_phase2_refactoring.TestPreventionPhase2Refactoring" name="test_inspvis_03_get_non_conformites_visuelles" time="0.669" /><testcase classname="tests.test_prevention_phase2_refactoring.TestPreventionPhase2Refactoring" name="test_config_01_get_preventionnistes" time="0.839" /><testcase classname="tests.test_prevention_phase2_refactoring.TestPreventionPhase2Refactoring" name="test_config_02_get_batiments_map" time="1.010" /><testcase classname="tests.test_prevention_phase2_refactoring.TestPreventionPhase2Refactoring" name="test_plans_01_get_plans_intervention" time="0.769" /><testcase classname="tests.test_prevention_phase2_refactoring.TestPreventionPhase2Refactoring" name="test_reports_01_get_statistiques" time="0.906" /><testcase classname="tests.test_prevention_phase2_refactoring.TestPreventionPhase2Refactoring" name="test_reports_02_get_tendances" time="1.188" /><testcase classname="tests.test_prevention_phase2_refactoring.TestPreventionPhase2Refactoring" name="test_reports_03_get_notifications" time="2.650" /><testcase classname="tests.test_prevention_phase2_refactoring.TestPreventionPhase2Refactoring" name="test_core_01_get_batiments" time="0.757" /><testcase classname="tests.test_prevention_phase2_refactoring.TestPreventionPhase2Refactoring" name="test_core_02_get_grilles_inspection" time="0.693" /><testcase classname="tests.test_prevention_phase2_refactoring.TestPreventionPhase2Refactoring" name="test_core_03_get_secteurs" time="0.707" /><testcase classname="tests.test_prevention_phase2_refactoring.TestPreventionPhase2Refactoring" name="test_core_04_get_inspections" time="0.720" /><testcase classname="tests.test_prevention_phase2_refactoring.TestPreventionPhase2Refactoring" name="test_core_05_get_references" time="0.641" /></testsuite></testsuites>