<?xml version="1.0" encoding="utf-8"?><testsuites name="pytest tests"><testsuite name="pytest" errors="0" failures="0" skipped="0" tests="9" time="8.762" timestamp="2026-03-15T13:20:22.224546+00:00" hostname="agent-env-c8c506a1-09b6-4a6f-b2ae-bd772b232375"><testcase classname="tests.test_remplacements_regression.TestAuthAndBasicAccess" name="test_login_success" time="3.404" /><testcase classname="tests.test_remplacements_regression.TestRemplacementsEndpoints" name="test_get_remplacements_list" time="1.109" /><testcase classname="tests.test_remplacements_regression.TestRemplacementsEndpoints" name="test_get_propositions" time="0.204" /><testcase classname="tests.test_remplacements_regression.TestRemplacementsEndpoints" name="test_get_types_garde" time="0.172" /><testcase classname="tests.test_remplacements_regression.TestCongesEndpoints" name="test_get_demandes_conge" time="0.803" /><testcase classname="tests.test_remplacements_regression.TestExportEndpoints" name="test_export_pdf_endpoint" time="1.239" /><testcase classname="tests.test_remplacements_regression.TestExportEndpoints" name="test_export_excel_endpoint" time="0.255" /><testcase classname="tests.test_remplacements_regression.TestParametresRemplacements" name="test_get_parametres_remplacements" time="0.777" /><testcase classname="tests.test_remplacements_regression.TestUsersEndpoint" name="test_get_users_list" time="0.741" /></testsuite></testsuites>