<?xml version="1.0" encoding="utf-8"?><testsuites name="pytest tests"><testsuite name="pytest" errors="0" failures="0" skipped="0" tests="12" time="10.691" timestamp="2026-03-27T13:06:37.762313+00:00" hostname="agent-env-053918f1-3b4f-497d-85cf-fea9833c4822"><testcase classname="tests.test_multi_casernes.TestMultiCasernesModule" name="test_01_get_multi_casernes_config" time="1.505" /><testcase classname="tests.test_multi_casernes.TestMultiCasernesModule" name="test_02_update_multi_casernes_config" time="0.992" /><testcase classname="tests.test_multi_casernes.TestMultiCasernesModule" name="test_03_get_casernes_list" time="0.716" /><testcase classname="tests.test_multi_casernes.TestMultiCasernesModule" name="test_04_create_caserne" time="0.856" /><testcase classname="tests.test_multi_casernes.TestMultiCasernesModule" name="test_05_create_caserne_duplicate_name_fails" time="0.928" /><testcase classname="tests.test_multi_casernes.TestMultiCasernesModule" name="test_06_update_caserne" time="1.179" /><testcase classname="tests.test_multi_casernes.TestMultiCasernesModule" name="test_07_update_nonexistent_caserne_fails" time="0.683" /><testcase classname="tests.test_multi_casernes.TestMultiCasernesModule" name="test_08_delete_caserne" time="1.032" /><testcase classname="tests.test_multi_casernes.TestMultiCasernesModule" name="test_09_delete_nonexistent_caserne_fails" time="0.634" /><testcase classname="tests.test_multi_casernes.TestMultiCasernesModule" name="test_10_types_garde_have_mode_caserne" time="0.622" /><testcase classname="tests.test_multi_casernes.TestMultiCasernesModule" name="test_11_types_garde_default_mode_caserne_is_global" time="0.667" /><testcase classname="tests.test_multi_casernes.TestMultiCasernesModule" name="test_99_cleanup_test_casernes" time="0.808" /></testsuite></testsuites>