<?xml version="1.0" encoding="utf-8"?><testsuites name="pytest tests"><testsuite name="pytest" errors="0" failures="0" skipped="0" tests="11" time="13.758" timestamp="2026-04-11T14:32:47.249640+00:00" hostname="agent-env-a2494b44-8e38-47bd-a50f-30f3eb9b3ebf"><testcase classname="tests.test_import_interventions.TestImportInterventionsHistory" name="test_01_preview_csv_file" time="2.476" /><testcase classname="tests.test_import_interventions.TestImportInterventionsHistory" name="test_02_preview_zip_dossier_adresse" time="1.555" /><testcase classname="tests.test_import_interventions.TestImportInterventionsHistory" name="test_03_execute_csv_import" time="0.762" /><testcase classname="tests.test_import_interventions.TestImportInterventionsHistory" name="test_04_execute_zip_import" time="4.688" /><testcase classname="tests.test_import_interventions.TestImportInterventionsHistory" name="test_05_get_imported_interventions" time="0.557" /><testcase classname="tests.test_import_interventions.TestImportInterventionsHistory" name="test_06_get_imported_interventions_with_filters" time="0.708" /><testcase classname="tests.test_import_interventions.TestImportInterventionsHistory" name="test_07_get_batiment_interventions_historique" time="0.791" /><testcase classname="tests.test_import_interventions.TestImportInterventionsHistory" name="test_08_get_dossier_adresses" time="0.532" /><testcase classname="tests.test_import_interventions.TestImportInterventionsHistory" name="test_09_init_chunked_upload" time="0.518" /><testcase classname="tests.test_import_interventions.TestImportInterventionsHistory" name="test_10_invalid_session_execute" time="0.516" /><testcase classname="tests.test_import_interventions.TestImportInterventionsHistory" name="test_11_preview_invalid_file_format" time="0.577" /></testsuite></testsuites>