<?xml version="1.0" encoding="utf-8"?><testsuites name="pytest tests"><testsuite name="pytest" errors="0" failures="0" skipped="0" tests="17" time="10.852" timestamp="2026-03-15T16:15:13.805744+00:00" hostname="agent-env-b0b6a938-2d7c-46a2-8742-35e195d1b473"><testcase classname="tests.test_rbac_phase2_migration.TestRBACPhase2Migration" name="test_get_dashboard_messages" time="3.568" /><testcase classname="tests.test_rbac_phase2_migration.TestRBACPhase2Migration" name="test_create_dashboard_message_admin" time="0.179" /><testcase classname="tests.test_rbac_phase2_migration.TestRBACPhase2Migration" name="test_delete_dashboard_message_admin" time="0.416" /><testcase classname="tests.test_rbac_phase2_migration.TestRBACPhase2Migration" name="test_get_active_broadcast" time="0.185" /><testcase classname="tests.test_rbac_phase2_migration.TestRBACPhase2Migration" name="test_broadcast_publier_admin" time="1.169" /><testcase classname="tests.test_rbac_phase2_migration.TestRBACPhase2Migration" name="test_get_equipes_garde_params" time="0.226" /><testcase classname="tests.test_rbac_phase2_migration.TestRBACPhase2Migration" name="test_update_equipes_garde_params_admin" time="0.438" /><testcase classname="tests.test_rbac_phase2_migration.TestRBACPhase2Migration" name="test_get_equipe_du_jour" time="0.176" /><testcase classname="tests.test_rbac_phase2_migration.TestRBACPhase2Migration" name="test_export_equipements_csv" time="0.190" /><testcase classname="tests.test_rbac_phase2_migration.TestRBACPhase2Migration" name="test_initialiser_categories_equipements_admin" time="0.614" /><testcase classname="tests.test_rbac_phase2_migration.TestRBACPhase2Migration" name="test_get_notifications" time="0.170" /><testcase classname="tests.test_rbac_phase2_migration.TestRBACPhase2Migration" name="test_get_notifications_unread_count" time="0.164" /><testcase classname="tests.test_rbac_phase2_migration.TestRBACPhase2Migration" name="test_get_vapid_key" time="0.102" /><testcase classname="tests.test_rbac_phase2_migration.TestRBACPhase2Migration" name="test_generer_indisponibilites_admin" time="0.462" /><testcase classname="tests.test_rbac_phase2_migration.TestRBACPhase2PermissionDenied" name="test_api_access_with_valid_token" time="0.800" /><testcase classname="tests.test_rbac_phase2_migration.TestRBACPhase2PermissionDenied" name="test_unauthorized_access_without_token" time="0.107" /><testcase classname="tests.test_rbac_phase2_migration.TestRBACHealthCheck" name="test_all_migrated_endpoints_accessible" time="1.819" /></testsuite></testsuites>