<?xml version="1.0" encoding="utf-8"?><testsuites name="pytest tests"><testsuite name="pytest" errors="0" failures="1" skipped="0" tests="11" time="3.739" timestamp="2026-03-25T01:41:10.351587+00:00" hostname="agent-env-219ad4ad-9fdb-4137-9618-ff457076f663"><testcase classname="tests.test_zip_import_and_files.TestZIPImportPreview" name="test_zip_preview_endpoint_exists" time="1.764" /><testcase classname="tests.test_zip_import_and_files.TestZIPImportPreview" name="test_zip_preview_rejects_non_zip" time="0.161" /><testcase classname="tests.test_zip_import_and_files.TestZIPImportExecute" name="test_zip_execute_requires_valid_session" time="0.144" /><testcase classname="tests.test_zip_import_and_files.TestFileStorageEndpoints" name="test_list_files_by_entity_endpoint_exists" time="0.109" /><testcase classname="tests.test_zip_import_and_files.TestFileStorageEndpoints" name="test_download_file_requires_auth" time="0.359"><failure message="AssertionError: Expected 404 for nonexistent file, got 401&#10;assert 401 == 404&#10; +  where 401 = &lt;Response [401]&gt;.status_code">backend/tests/test_zip_import_and_files.py:172: in test_download_file_requires_auth
    assert response.status_code == 404, f"Expected 404 for nonexistent file, got {response.status_code}"
E   AssertionError: Expected 404 for nonexistent file, got 401
E   assert 401 == 404
E    +  where 401 = &lt;Response [401]&gt;.status_code</failure></testcase><testcase classname="tests.test_zip_import_and_files.TestFileStorageEndpoints" name="test_upload_file_endpoint_exists" time="0.297" /><testcase classname="tests.test_zip_import_and_files.TestInterventionHistoryImport" name="test_intervention_preview_endpoint_exists" time="0.178" /><testcase classname="tests.test_zip_import_and_files.TestInterventionHistoryImport" name="test_intervention_preview_accepts_xml" time="0.162" /><testcase classname="tests.test_zip_import_and_files.TestInterventionHistoryImport" name="test_intervention_execute_requires_valid_session" time="0.083" /><testcase classname="tests.test_zip_import_and_files.TestBatimentsImportCSVXML" name="test_batiments_preview_accepts_csv" time="0.212" /><testcase classname="tests.test_zip_import_and_files.TestBatimentsImportCSVXML" name="test_batiments_preview_accepts_zip" time="0.192" /></testsuite></testsuites>