<?xml version="1.0" encoding="utf-8"?><testsuites name="pytest tests"><testsuite name="pytest" errors="0" failures="0" skipped="0" tests="22" time="7.354" timestamp="2026-03-15T15:06:38.673264+00:00" hostname="agent-env-7618b0c1-64ac-4eca-858e-6f68b2e4c185"><testcase classname="tests.test_rbac_migration.TestAuthentication" name="test_admin_login" time="1.526" /><testcase classname="tests.test_rbac_migration.TestAuthentication" name="test_invalid_credentials" time="0.203" /><testcase classname="tests.test_rbac_migration.TestRBACPermissions" name="test_get_admin_permissions" time="0.790" /><testcase classname="tests.test_rbac_migration.TestRBACPermissions" name="test_access_types_structure" time="0.084" /><testcase classname="tests.test_rbac_migration.TestRBACPermissions" name="test_list_access_types" time="0.110" /><testcase classname="tests.test_rbac_migration.TestPlanningRBAC" name="test_get_planning_assignations" time="0.108" /><testcase classname="tests.test_rbac_migration.TestPlanningRBAC" name="test_planning_rapport_heures" time="0.160" /><testcase classname="tests.test_rbac_migration.TestPlanningRBAC" name="test_create_and_delete_assignation" time="0.857" /><testcase classname="tests.test_rbac_migration.TestPersonnelRBAC" name="test_get_users_list" time="0.160" /><testcase classname="tests.test_rbac_migration.TestPersonnelRBAC" name="test_create_and_delete_user" time="0.918" /><testcase classname="tests.test_rbac_migration.TestFormationsRBAC" name="test_get_formations_list" time="0.135" /><testcase classname="tests.test_rbac_migration.TestFormationsRBAC" name="test_formations_rapport_conformite" time="0.254" /><testcase classname="tests.test_rbac_migration.TestFormationsRBAC" name="test_formations_dashboard" time="0.166" /><testcase classname="tests.test_rbac_migration.TestActifsRBAC" name="test_get_vehicules_list" time="0.113" /><testcase classname="tests.test_rbac_migration.TestActifsRBAC" name="test_create_modify_delete_vehicule" time="0.440" /><testcase classname="tests.test_rbac_migration.TestActifsRBAC" name="test_get_bornes_incendie" time="0.104" /><testcase classname="tests.test_rbac_migration.TestRemplacementsRBAC" name="test_get_remplacements_list" time="0.428" /><testcase classname="tests.test_rbac_migration.TestRemplacementsRBAC" name="test_get_demandes_conge" time="0.115" /><testcase classname="tests.test_rbac_migration.TestRemplacementsRBAC" name="test_get_propositions" time="0.106" /><testcase classname="tests.test_rbac_migration.TestDelegationsRBAC" name="test_get_delegations_actives" time="0.050" /><testcase classname="tests.test_rbac_migration.TestFrontendAccess" name="test_public_branding" time="0.289" /><testcase classname="tests.test_rbac_migration.TestFrontendAccess" name="test_health_endpoint" time="0.175" /></testsuite></testsuites>