<?xml version="1.0" encoding="utf-8"?><testsuites name="pytest tests"><testsuite name="pytest" errors="0" failures="0" skipped="0" tests="23" time="9.411" timestamp="2026-03-15T15:08:54.421902+00:00" hostname="agent-env-7618b0c1-64ac-4eca-858e-6f68b2e4c185"><testcase classname="tests.test_rbac_migration_endpoints.TestAccessTypesRBAC" name="test_get_modules_structure" time="2.725" /><testcase classname="tests.test_rbac_migration_endpoints.TestAccessTypesRBAC" name="test_list_access_types" time="0.135" /><testcase classname="tests.test_rbac_migration_endpoints.TestAccessTypesRBAC" name="test_get_access_type_detail" time="0.093" /><testcase classname="tests.test_rbac_migration_endpoints.TestAccessTypesRBAC" name="test_create_custom_access_type" time="0.354" /><testcase classname="tests.test_rbac_migration_endpoints.TestAccessTypesRBAC" name="test_get_users_with_access_type" time="0.154" /><testcase classname="tests.test_rbac_migration_endpoints.TestAccessTypesRBAC" name="test_get_user_permissions" time="0.159" /><testcase classname="tests.test_rbac_migration_endpoints.TestEquipementsRBAC" name="test_get_categories_equipements" time="0.132" /><testcase classname="tests.test_rbac_migration_endpoints.TestEquipementsRBAC" name="test_get_equipements" time="0.162" /><testcase classname="tests.test_rbac_migration_endpoints.TestEquipementsRBAC" name="test_crud_equipement" time="0.602" /><testcase classname="tests.test_rbac_migration_endpoints.TestEquipementsRBAC" name="test_crud_categorie_equipement" time="0.545" /><testcase classname="tests.test_rbac_migration_endpoints.TestEquipementsRBAC" name="test_get_alertes_equipements" time="0.124" /><testcase classname="tests.test_rbac_migration_endpoints.TestEquipementsRBAC" name="test_get_stats_equipements" time="1.018" /><testcase classname="tests.test_rbac_migration_endpoints.TestAPRIARBAC" name="test_get_modeles_inspection_apria" time="0.129" /><testcase classname="tests.test_rbac_migration_endpoints.TestAPRIARBAC" name="test_get_modele_inspection_actif" time="0.135" /><testcase classname="tests.test_rbac_migration_endpoints.TestAPRIARBAC" name="test_get_equipements_apria" time="0.158" /><testcase classname="tests.test_rbac_migration_endpoints.TestAPRIARBAC" name="test_get_inspections_apria" time="0.125" /><testcase classname="tests.test_rbac_migration_endpoints.TestAPRIARBAC" name="test_get_parametres_apria" time="0.121" /><testcase classname="tests.test_rbac_migration_endpoints.TestAPRIARBAC" name="test_crud_modele_inspection_apria" time="0.431" /><testcase classname="tests.test_rbac_migration_endpoints.TestUsersRBAC" name="test_create_and_delete_user" time="1.100" /><testcase classname="tests.test_rbac_migration_endpoints.TestUsersRBAC" name="test_update_user_access" time="0.136" /><testcase classname="tests.test_rbac_migration_endpoints.TestUsersRBAC" name="test_get_user_stats" time="0.192" /><testcase classname="tests.test_rbac_migration_endpoints.TestFormulairesInspectionRBAC" name="test_get_formulaires_inspection" time="0.127" /><testcase classname="tests.test_rbac_migration_endpoints.TestFormulairesInspectionRBAC" name="test_crud_formulaire_inspection" time="0.459" /></testsuite></testsuites>