<?xml version="1.0" encoding="utf-8"?><testsuites name="pytest tests"><testsuite name="pytest" errors="0" failures="0" skipped="0" tests="8" time="5.404" timestamp="2026-03-28T14:40:03.087971+00:00" hostname="agent-env-9e594a2c-18a3-4ff3-85dc-4ed4911fccc2"><testcase classname="tests.test_pdf_export_batiment.TestPDFExportBatiment" name="test_pdf_endpoint_returns_200" time="1.528" /><testcase classname="tests.test_pdf_export_batiment.TestPDFExportBatiment" name="test_pdf_content_type" time="0.722" /><testcase classname="tests.test_pdf_export_batiment.TestPDFExportBatiment" name="test_pdf_content_disposition" time="0.694" /><testcase classname="tests.test_pdf_export_batiment.TestPDFExportBatiment" name="test_pdf_has_content" time="0.690" /><testcase classname="tests.test_pdf_export_batiment.TestPDFExportBatiment" name="test_pdf_starts_with_pdf_header" time="0.675" /><testcase classname="tests.test_pdf_export_batiment.TestPDFExportBatiment" name="test_pdf_nonexistent_batiment_returns_404" time="0.162" /><testcase classname="tests.test_pdf_export_batiment.TestPDFExportBatiment" name="test_pdf_without_auth_returns_401" time="0.117" /><testcase classname="tests.test_pdf_export_batiment.TestPDFContent" name="test_pdf_can_be_saved_and_read" time="0.751" /></testsuite></testsuites>