<?xml version="1.0" encoding="utf-8"?><testsuites name="pytest tests"><testsuite name="pytest" errors="0" failures="0" skipped="0" tests="12" time="9.689" timestamp="2026-03-23T13:54:52.460267+00:00" hostname="agent-env-66b0fd9a-e8e0-471e-a61a-c617c12b5299"><testcase classname="tests.test_prevention_module.TestPreventionSecteurs" name="test_get_secteurs_geographiques" time="0.930" /><testcase classname="tests.test_prevention_module.TestPreventionSecteurs" name="test_get_secteurs_correct_endpoint" time="0.163" /><testcase classname="tests.test_prevention_module.TestPreventionPreventionnistes" name="test_get_preventionnistes" time="0.836" /><testcase classname="tests.test_prevention_module.TestPreventionInspections" name="test_get_inspections" time="0.740" /><testcase classname="tests.test_prevention_module.TestPreventionGrilles" name="test_get_grilles_inspection" time="0.761" /><testcase classname="tests.test_prevention_module.TestPreventionBatiments" name="test_get_batiments" time="0.784" /><testcase classname="tests.test_prevention_module.TestPreventionStatistiques" name="test_get_statistiques" time="1.008" /><testcase classname="tests.test_prevention_module.TestPreventionNotifications" name="test_get_notifications" time="2.687" /><testcase classname="tests.test_prevention_module.TestPreventionPlansIntervention" name="test_get_plans_intervention" time="0.793" /><testcase classname="tests.test_prevention_module.TestPreventionReferences" name="test_get_references" time="0.667" /><testcase classname="tests.test_prevention_module.TestPreventionReferences" name="test_get_niveaux_risque" time="0.142" /><testcase classname="tests.test_prevention_module.TestPreventionReferences" name="test_get_categories_batiments" time="0.123" /></testsuite></testsuites>