<?xml version="1.0" encoding="utf-8"?><testsuites name="pytest tests"><testsuite name="pytest" errors="0" failures="0" skipped="0" tests="34" time="9.502" timestamp="2026-03-15T15:29:38.298140+00:00" hostname="agent-env-7618b0c1-64ac-4eca-858e-6f68b2e4c185"><testcase classname="tests.test_rbac_phase3_granular_tabs.TestAuthAndSetup" name="test_01_login_admin" time="2.149" /><testcase classname="tests.test_rbac_phase3_granular_tabs.TestAuthAndSetup" name="test_02_health_check" time="0.180" /><testcase classname="tests.test_rbac_phase3_granular_tabs.TestModulesStructureGranular" name="test_01_get_modules_structure_returns_tabs" time="0.189" /><testcase classname="tests.test_rbac_phase3_granular_tabs.TestModulesStructureGranular" name="test_02_dashboard_has_5_tabs" time="0.152" /><testcase classname="tests.test_rbac_phase3_granular_tabs.TestModulesStructureGranular" name="test_03_personnel_has_7_tabs" time="0.177" /><testcase classname="tests.test_rbac_phase3_granular_tabs.TestModulesStructureGranular" name="test_04_actifs_has_12_tabs" time="0.140" /><testcase classname="tests.test_rbac_phase3_granular_tabs.TestModulesStructureGranular" name="test_05_rapports_has_9_tabs" time="0.161" /><testcase classname="tests.test_rbac_phase3_granular_tabs.TestModulesStructureGranular" name="test_06_planning_has_5_tabs" time="0.145" /><testcase classname="tests.test_rbac_phase3_granular_tabs.TestModulesStructureGranular" name="test_07_remplacements_has_5_tabs" time="0.154" /><testcase classname="tests.test_rbac_phase3_granular_tabs.TestModulesStructureGranular" name="test_08_formations_has_6_tabs" time="0.152" /><testcase classname="tests.test_rbac_phase3_granular_tabs.TestModulesStructureGranular" name="test_09_prevention_has_5_tabs" time="0.145" /><testcase classname="tests.test_rbac_phase3_granular_tabs.TestModulesStructureGranular" name="test_10_disponibilites_has_4_tabs" time="0.188" /><testcase classname="tests.test_rbac_phase3_granular_tabs.TestModulesStructureGranular" name="test_11_parametres_has_14_tabs" time="0.146" /><testcase classname="tests.test_rbac_phase3_granular_tabs.TestTypesGardeRBAC" name="test_01_get_types_garde_list" time="0.174" /><testcase classname="tests.test_rbac_phase3_granular_tabs.TestTypesGardeRBAC" name="test_02_create_type_garde_with_rbac" time="0.197" /><testcase classname="tests.test_rbac_phase3_granular_tabs.TestTypesGardeRBAC" name="test_03_update_type_garde_with_rbac" time="0.282" /><testcase classname="tests.test_rbac_phase3_granular_tabs.TestTypesGardeRBAC" name="test_04_delete_type_garde_with_rbac" time="0.299" /><testcase classname="tests.test_rbac_phase3_granular_tabs.TestBillingRBAC" name="test_01_get_tenant_info" time="0.329" /><testcase classname="tests.test_rbac_phase3_granular_tabs.TestBillingRBAC" name="test_02_get_billing_info" time="0.212" /><testcase classname="tests.test_rbac_phase3_granular_tabs.TestBillingRBAC" name="test_03_get_billing_invoices" time="0.173" /><testcase classname="tests.test_rbac_phase3_granular_tabs.TestRemplacementsParametresRBAC" name="test_01_get_parametres_remplacements" time="0.223" /><testcase classname="tests.test_rbac_phase3_granular_tabs.TestRemplacementsParametresRBAC" name="test_02_update_parametres_remplacements" time="0.221" /><testcase classname="tests.test_rbac_phase3_granular_tabs.TestEquipementsRBACMigration" name="test_01_get_categories_equipements" time="0.213" /><testcase classname="tests.test_rbac_phase3_granular_tabs.TestEquipementsRBACMigration" name="test_02_get_equipements_list" time="0.222" /><testcase classname="tests.test_rbac_phase3_granular_tabs.TestEquipementsRBACMigration" name="test_03_create_equipement_with_rbac" time="0.209" /><testcase classname="tests.test_rbac_phase3_granular_tabs.TestEquipementsRBACMigration" name="test_04_update_equipement_with_rbac" time="0.259" /><testcase classname="tests.test_rbac_phase3_granular_tabs.TestEquipementsRBACMigration" name="test_05_delete_equipement_with_rbac" time="0.255" /><testcase classname="tests.test_rbac_phase3_granular_tabs.TestDefaultPermissionsStructure" name="test_01_admin_has_full_access" time="0.161" /><testcase classname="tests.test_rbac_phase3_granular_tabs.TestDefaultPermissionsStructure" name="test_02_superviseur_has_limited_access" time="0.159" /><testcase classname="tests.test_rbac_phase3_granular_tabs.TestDefaultPermissionsStructure" name="test_03_employe_has_minimal_access" time="0.165" /><testcase classname="tests.test_rbac_phase3_granular_tabs.TestActionsLabels" name="test_01_actions_labels_present" time="0.161" /><testcase classname="tests.test_rbac_phase3_granular_tabs.TestRBACRegression" name="test_01_list_access_types" time="0.207" /><testcase classname="tests.test_rbac_phase3_granular_tabs.TestRBACRegression" name="test_02_get_user_permissions" time="0.167" /><testcase classname="tests.test_rbac_phase3_granular_tabs.TestRBACRegression" name="test_03_equipements_stats" time="1.041" /></testsuite></testsuites>