<?xml version="1.0" encoding="utf-8"?><testsuites name="pytest tests"><testsuite name="pytest" errors="0" failures="0" skipped="1" tests="10" time="6.795" timestamp="2026-03-28T14:10:57.486407+00:00" hostname="agent-env-8b2edaae-5ba3-4dc2-8af7-261707942ba4"><testcase classname="tests.test_photo_reorder.TestPhotoReorderFeature" name="test_01_login_works" time="0.748" /><testcase classname="tests.test_photo_reorder.TestPhotoReorderFeature" name="test_02_get_batiments_list" time="0.750" /><testcase classname="tests.test_photo_reorder.TestPhotoReorderFeature" name="test_03_get_batiment_photos" time="0.689" /><testcase classname="tests.test_photo_reorder.TestPhotoReorderFeature" name="test_04_reorder_photos_empty_array" time="0.723" /><testcase classname="tests.test_photo_reorder.TestPhotoReorderFeature" name="test_05_reorder_photos_with_legends" time="0.712" /><testcase classname="tests.test_photo_reorder.TestBatimentsPageRegression" name="test_01_batiments_list_endpoint" time="0.766" /><testcase classname="tests.test_photo_reorder.TestBatimentsPageRegression" name="test_02_prevention_batiments_endpoint" time="0.778" /><testcase classname="tests.test_photo_reorder.TestPlanningRegression" name="test_01_planning_endpoint" time="0.743" /><testcase classname="tests.test_photo_reorder.TestParametresRegression" name="test_01_types_garde_endpoint" time="0.817" /><testcase classname="tests.test_photo_reorder.TestExportsPDFRegression" name="test_01_planning_pdf_export" time="0.000"><skipped type="pytest.skip" message="PDF export requires specific parameters - not related to photo reorder feature">/app/backend/tests/test_photo_reorder.py:272: PDF export requires specific parameters - not related to photo reorder feature</skipped></testcase></testsuite></testsuites>