<?xml version="1.0" encoding="utf-8"?><testsuites name="pytest tests"><testsuite name="pytest" errors="0" failures="0" skipped="0" tests="11" time="10.432" timestamp="2026-03-23T13:24:26.002124+00:00" hostname="agent-env-66b0fd9a-e8e0-471e-a61a-c617c12b5299"><testcase classname="tests.test_batiments_import_historique.TestAuthentication" name="test_login_success" time="3.367" /><testcase classname="tests.test_batiments_import_historique.TestBatimentsModule" name="test_get_batiments_list" time="0.882" /><testcase classname="tests.test_batiments_import_historique.TestBatimentsModule" name="test_get_batiments_categories" time="0.100" /><testcase classname="tests.test_batiments_import_historique.TestBatimentsModule" name="test_get_batiments_statistiques" time="0.166" /><testcase classname="tests.test_batiments_import_historique.TestImportXMLPreview" name="test_import_preview_xml_file" time="1.205" /><testcase classname="tests.test_batiments_import_historique.TestImportXMLPreview" name="test_import_preview_csv_file" time="0.177" /><testcase classname="tests.test_batiments_import_historique.TestImportXMLExtractedFields" name="test_xml_extracts_required_fields" time="1.069" /><testcase classname="tests.test_batiments_import_historique.TestHistorique" name="test_get_batiment_historique" time="1.015" /><testcase classname="tests.test_batiments_import_historique.TestHistorique" name="test_get_batiment_complet" time="0.263" /><testcase classname="tests.test_batiments_import_historique.TestHistoriqueTracking" name="test_create_batiment_logs_history" time="1.172" /><testcase classname="tests.test_batiments_import_historique.TestPreventionModuleNoBatimentsTab" name="test_prevention_endpoints_exist" time="0.944" /></testsuite></testsuites>